<?xml version="1.0" encoding="UTF-8"?>
<!-- Generated by org.testng.reporters.JUnitXMLReporter -->
<testsuite hostname="WIN-MUTTHS1SNE9" name="CategoriaTest" tests="8" failures="0" timestamp="1 Apr 2017 23:48:56 GMT" time="1.127" errors="0">
  <testcase name="insertar" time="0.354" classname="pe.com.test.CategoriaTest"/>
  <testcase name="timeOut" time="0.515" classname="pe.com.test.CategoriaTest"/>
  <testcase name="insertarDataProvider" time="0.013" classname="pe.com.test.CategoriaTest"/>
  <testcase name="insertarDataProvider" time="0.016" classname="pe.com.test.CategoriaTest"/>
  <testcase name="insertarDataProvider" time="0.022" classname="pe.com.test.CategoriaTest"/>
  <testcase name="actualizar" time="0.043" classname="pe.com.test.CategoriaTest"/>
  <testcase name="obtener" time="0.021" classname="pe.com.test.CategoriaTest"/>
  <testcase name="eliminar" time="0.04" classname="pe.com.test.CategoriaTest"/>
</testsuite> <!-- CategoriaTest -->
