<?xml version="1.0" encoding="UTF-8"?>
<!-- Generated by org.testng.reporters.JUnitXMLReporter -->
<testsuite hostname="WIN-MUTTHS1SNE9" name="TAtiendoWebDriverTest" tests="8" failures="0" timestamp="30 Apr 2017 00:16:26 GMT" time="80.765" errors="0">
  <testcase name="insertarUsuarios" time="7.086" classname="pe.com.test.seleniumwd.TAtiendoWebDriverTest"/>
  <testcase name="insertarUsuarios" time="5.424" classname="pe.com.test.seleniumwd.TAtiendoWebDriverTest"/>
  <testcase name="insertarUsuarios" time="5.336" classname="pe.com.test.seleniumwd.TAtiendoWebDriverTest"/>
  <testcase name="insertarUsuarios" time="5.251" classname="pe.com.test.seleniumwd.TAtiendoWebDriverTest"/>
  <testcase name="insertarUsuarios" time="5.186" classname="pe.com.test.seleniumwd.TAtiendoWebDriverTest"/>
  <testcase name="insertarPedido" time="15.238" classname="pe.com.test.seleniumwd.TAtiendoWebDriverTest"/>
  <testcase name="insertarPedido" time="14.724" classname="pe.com.test.seleniumwd.TAtiendoWebDriverTest"/>
  <testcase name="insertarPedido" time="14.536" classname="pe.com.test.seleniumwd.TAtiendoWebDriverTest"/>
</testsuite> <!-- TAtiendoWebDriverTest -->
